<?xml version="1.0" encoding="UTF-8"?>
<!-- Generated by org.testng.reporters.JUnitReportReporter -->
<testsuite hostname="DESKTOP-TUO0F36" failures="0" tests="1" name="com.test.automation.Runner.RunTest" time="25.491" errors="0" timestamp="12 May 2021 17:11:20 GMT" skipped="0">
  <testcase classname="com.test.automation.Runner.RunTest" name="runScenario" time="25.491"/>
</testsuite> <!-- com.test.automation.Runner.RunTest -->
