<?xml version="1.0" encoding="UTF-8"?>
<!-- Generated by org.testng.reporters.JUnitReportReporter -->
<testsuite hostname="Neelshika" failures="0" tests="1" name="com.test.automation.Runner.RunTest" time="23.871" errors="0" timestamp="15 Apr 2021 18:08:34 GMT" skipped="0">
  <testcase classname="com.test.automation.Runner.RunTest" name="runScenario" time="23.871"/>
</testsuite> <!-- com.test.automation.Runner.RunTest -->
